  delete.c
C:\Users\송용인\Documents\GitHub\Video_Rent\비디오대여\비디오대여\delete.c(26,12): warning C4098: 'user_del': 'void' 함수에서 값을 반환하고 있습니다.
C:\Users\송용인\Documents\GitHub\Video_Rent\비디오대여\비디오대여\delete.c(20,2): warning C4996: 'scanf': This function or variable may be unsafe. Consider using scanf_s instead. To disable deprecation, use _CRT_SECURE_NO_WARNINGS. See online help for details.
C:\Users\송용인\Documents\GitHub\Video_Rent\비디오대여\비디오대여\delete.c(74,12): warning C4098: 'video_del': 'void' 함수에서 값을 반환하고 있습니다.
C:\Users\송용인\Documents\GitHub\Video_Rent\비디오대여\비디오대여\delete.c(68,2): warning C4996: 'scanf': This function or variable may be unsafe. Consider using scanf_s instead. To disable deprecation, use _CRT_SECURE_NO_WARNINGS. See online help for details.
C:\Users\송용인\Documents\GitHub\Video_Rent\비디오대여\비디오대여\delete.c(133,11): warning C4098: 'return_complete': 'void' 함수에서 값을 반환하고 있습니다.
C:\Users\송용인\Documents\GitHub\Video_Rent\비디오대여\비디오대여\delete.c(148,11): warning C4098: 'return_complete': 'void' 함수에서 값을 반환하고 있습니다.
C:\Users\송용인\Documents\GitHub\Video_Rent\비디오대여\비디오대여\delete.c(121,2): warning C4996: 'scanf': This function or variable may be unsafe. Consider using scanf_s instead. To disable deprecation, use _CRT_SECURE_NO_WARNINGS. See online help for details.
C:\Users\송용인\Documents\GitHub\Video_Rent\비디오대여\비디오대여\delete.c(137,2): warning C4996: 'scanf': This function or variable may be unsafe. Consider using scanf_s instead. To disable deprecation, use _CRT_SECURE_NO_WARNINGS. See online help for details.
  find.c
C:\Users\송용인\Documents\GitHub\Video_Rent\비디오대여\비디오대여\find.c(22,13): warning C4013: 'strcmp'이(가) 정의되지 않았습니다. extern은 int형을 반환하는 것으로 간주합니다.
C:\Users\송용인\Documents\GitHub\Video_Rent\비디오대여\비디오대여\find.c(18,2): warning C4996: 'scanf': This function or variable may be unsafe. Consider using scanf_s instead. To disable deprecation, use _CRT_SECURE_NO_WARNINGS. See online help for details.
C:\Users\송용인\Documents\GitHub\Video_Rent\비디오대여\비디오대여\find.c(44,2): warning C4996: 'scanf': This function or variable may be unsafe. Consider using scanf_s instead. To disable deprecation, use _CRT_SECURE_NO_WARNINGS. See online help for details.
C:\Users\송용인\Documents\GitHub\Video_Rent\비디오대여\비디오대여\find.c(72,2): warning C4996: 'scanf': This function or variable may be unsafe. Consider using scanf_s instead. To disable deprecation, use _CRT_SECURE_NO_WARNINGS. See online help for details.
  insert.c
C:\Users\송용인\Documents\GitHub\Video_Rent\비디오대여\비디오대여\insert.c(28,12): warning C4098: 'user_insert': 'void' 함수에서 값을 반환하고 있습니다.
C:\Users\송용인\Documents\GitHub\Video_Rent\비디오대여\비디오대여\insert.c(20,2): warning C4996: 'scanf': This function or variable may be unsafe. Consider using scanf_s instead. To disable deprecation, use _CRT_SECURE_NO_WARNINGS. See online help for details.
C:\Users\송용인\Documents\GitHub\Video_Rent\비디오대여\비디오대여\insert.c(22,2): warning C4996: 'scanf': This function or variable may be unsafe. Consider using scanf_s instead. To disable deprecation, use _CRT_SECURE_NO_WARNINGS. See online help for details.
C:\Users\송용인\Documents\GitHub\Video_Rent\비디오대여\비디오대여\insert.c(38,2): warning C4996: 'strcpy': This function or variable may be unsafe. Consider using strcpy_s instead. To disable deprecation, use _CRT_SECURE_NO_WARNINGS. See online help for details.
C:\Users\송용인\Documents\GitHub\Video_Rent\비디오대여\비디오대여\insert.c(39,2): warning C4996: 'strcpy': This function or variable may be unsafe. Consider using strcpy_s instead. To disable deprecation, use _CRT_SECURE_NO_WARNINGS. See online help for details.
C:\Users\송용인\Documents\GitHub\Video_Rent\비디오대여\비디오대여\insert.c(72,12): warning C4098: 'video_insert': 'void' 함수에서 값을 반환하고 있습니다.
C:\Users\송용인\Documents\GitHub\Video_Rent\비디오대여\비디오대여\insert.c(66,2): warning C4996: 'scanf': This function or variable may be unsafe. Consider using scanf_s instead. To disable deprecation, use _CRT_SECURE_NO_WARNINGS. See online help for details.
C:\Users\송용인\Documents\GitHub\Video_Rent\비디오대여\비디오대여\insert.c(77,2): warning C4996: 'scanf': This function or variable may be unsafe. Consider using scanf_s instead. To disable deprecation, use _CRT_SECURE_NO_WARNINGS. See online help for details.
C:\Users\송용인\Documents\GitHub\Video_Rent\비디오대여\비디오대여\insert.c(86,2): warning C4996: 'strcpy': This function or variable may be unsafe. Consider using strcpy_s instead. To disable deprecation, use _CRT_SECURE_NO_WARNINGS. See online help for details.
C:\Users\송용인\Documents\GitHub\Video_Rent\비디오대여\비디오대여\insert.c(132,11): warning C4098: 'rent_insert': 'void' 함수에서 값을 반환하고 있습니다.
C:\Users\송용인\Documents\GitHub\Video_Rent\비디오대여\비디오대여\insert.c(141,12): warning C4098: 'rent_insert': 'void' 함수에서 값을 반환하고 있습니다.
C:\Users\송용인\Documents\GitHub\Video_Rent\비디오대여\비디오대여\insert.c(150,13): warning C4098: 'rent_insert': 'void' 함수에서 값을 반환하고 있습니다.
C:\Users\송용인\Documents\GitHub\Video_Rent\비디오대여\비디오대여\insert.c(161,11): warning C4098: 'rent_insert': 'void' 함수에서 값을 반환하고 있습니다.
C:\Users\송용인\Documents\GitHub\Video_Rent\비디오대여\비디오대여\insert.c(120,2): warning C4996: 'scanf': This function or variable may be unsafe. Consider using scanf_s instead. To disable deprecation, use _CRT_SECURE_NO_WARNINGS. See online help for details.
C:\Users\송용인\Documents\GitHub\Video_Rent\비디오대여\비디오대여\insert.c(135,2): warning C4996: 'scanf': This function or variable may be unsafe. Consider using scanf_s instead. To disable deprecation, use _CRT_SECURE_NO_WARNINGS. See online help for details.
C:\Users\송용인\Documents\GitHub\Video_Rent\비디오대여\비디오대여\insert.c(164,2): warning C4996: 'scanf': This function or variable may be unsafe. Consider using scanf_s instead. To disable deprecation, use _CRT_SECURE_NO_WARNINGS. See online help for details.
C:\Users\송용인\Documents\GitHub\Video_Rent\비디오대여\비디오대여\insert.c(166,2): warning C4996: 'scanf': This function or variable may be unsafe. Consider using scanf_s instead. To disable deprecation, use _CRT_SECURE_NO_WARNINGS. See online help for details.
C:\Users\송용인\Documents\GitHub\Video_Rent\비디오대여\비디오대여\insert.c(176,2): warning C4996: 'strcpy': This function or variable may be unsafe. Consider using strcpy_s instead. To disable deprecation, use _CRT_SECURE_NO_WARNINGS. See online help for details.
C:\Users\송용인\Documents\GitHub\Video_Rent\비디오대여\비디오대여\insert.c(177,2): warning C4996: 'strcpy': This function or variable may be unsafe. Consider using strcpy_s instead. To disable deprecation, use _CRT_SECURE_NO_WARNINGS. See online help for details.
C:\Users\송용인\Documents\GitHub\Video_Rent\비디오대여\비디오대여\insert.c(178,2): warning C4996: 'strcpy': This function or variable may be unsafe. Consider using strcpy_s instead. To disable deprecation, use _CRT_SECURE_NO_WARNINGS. See online help for details.
C:\Users\송용인\Documents\GitHub\Video_Rent\비디오대여\비디오대여\insert.c(179,2): warning C4996: 'strcpy': This function or variable may be unsafe. Consider using strcpy_s instead. To disable deprecation, use _CRT_SECURE_NO_WARNINGS. See online help for details.
  main.c
C:\Users\송용인\Documents\GitHub\Video_Rent\비디오대여\비디오대여\main.c(54,3): warning C4996: 'scanf': This function or variable may be unsafe. Consider using scanf_s instead. To disable deprecation, use _CRT_SECURE_NO_WARNINGS. See online help for details.
C:\Users\송용인\Documents\GitHub\Video_Rent\비디오대여\비디오대여\main.c(65,5): warning C4996: 'scanf': This function or variable may be unsafe. Consider using scanf_s instead. To disable deprecation, use _CRT_SECURE_NO_WARNINGS. See online help for details.
C:\Users\송용인\Documents\GitHub\Video_Rent\비디오대여\비디오대여\main.c(96,5): warning C4996: 'scanf': This function or variable may be unsafe. Consider using scanf_s instead. To disable deprecation, use _CRT_SECURE_NO_WARNINGS. See online help for details.
  open.c
C:\Users\송용인\Documents\GitHub\Video_Rent\비디오대여\비디오대여\open.c(25,11): warning C4098: 'user_open': 'void' 함수에서 값을 반환하고 있습니다.
C:\Users\송용인\Documents\GitHub\Video_Rent\비디오대여\비디오대여\open.c(20,7): warning C4996: 'fopen': This function or variable may be unsafe. Consider using fopen_s instead. To disable deprecation, use _CRT_SECURE_NO_WARNINGS. See online help for details.
C:\Users\송용인\Documents\GitHub\Video_Rent\비디오대여\비디오대여\open.c(32,12): warning C4996: 'fscanf': This function or variable may be unsafe. Consider using fscanf_s instead. To disable deprecation, use _CRT_SECURE_NO_WARNINGS. See online help for details.
C:\Users\송용인\Documents\GitHub\Video_Rent\비디오대여\비디오대여\open.c(44,3): warning C4996: 'strcpy': This function or variable may be unsafe. Consider using strcpy_s instead. To disable deprecation, use _CRT_SECURE_NO_WARNINGS. See online help for details.
C:\Users\송용인\Documents\GitHub\Video_Rent\비디오대여\비디오대여\open.c(45,3): warning C4996: 'strcpy': This function or variable may be unsafe. Consider using strcpy_s instead. To disable deprecation, use _CRT_SECURE_NO_WARNINGS. See online help for details.
C:\Users\송용인\Documents\GitHub\Video_Rent\비디오대여\비디오대여\open.c(76,11): warning C4098: 'video_open': 'void' 함수에서 값을 반환하고 있습니다.
C:\Users\송용인\Documents\GitHub\Video_Rent\비디오대여\비디오대여\open.c(71,7): warning C4996: 'fopen': This function or variable may be unsafe. Consider using fopen_s instead. To disable deprecation, use _CRT_SECURE_NO_WARNINGS. See online help for details.
C:\Users\송용인\Documents\GitHub\Video_Rent\비디오대여\비디오대여\open.c(83,12): warning C4996: 'fscanf': This function or variable may be unsafe. Consider using fscanf_s instead. To disable deprecation, use _CRT_SECURE_NO_WARNINGS. See online help for details.
C:\Users\송용인\Documents\GitHub\Video_Rent\비디오대여\비디오대여\open.c(94,3): warning C4996: 'strcpy': This function or variable may be unsafe. Consider using strcpy_s instead. To disable deprecation, use _CRT_SECURE_NO_WARNINGS. See online help for details.
C:\Users\송용인\Documents\GitHub\Video_Rent\비디오대여\비디오대여\open.c(128,11): warning C4098: 'rent_open': 'void' 함수에서 값을 반환하고 있습니다.
C:\Users\송용인\Documents\GitHub\Video_Rent\비디오대여\비디오대여\open.c(123,7): warning C4996: 'fopen': This function or variable may be unsafe. Consider using fopen_s instead. To disable deprecation, use _CRT_SECURE_NO_WARNINGS. See online help for details.
C:\Users\송용인\Documents\GitHub\Video_Rent\비디오대여\비디오대여\open.c(135,12): warning C4996: 'fscanf': This function or variable may be unsafe. Consider using fscanf_s instead. To disable deprecation, use _CRT_SECURE_NO_WARNINGS. See online help for details.
C:\Users\송용인\Documents\GitHub\Video_Rent\비디오대여\비디오대여\open.c(150,3): warning C4996: 'strcpy': This function or variable may be unsafe. Consider using strcpy_s instead. To disable deprecation, use _CRT_SECURE_NO_WARNINGS. See online help for details.
C:\Users\송용인\Documents\GitHub\Video_Rent\비디오대여\비디오대여\open.c(151,3): warning C4996: 'strcpy': This function or variable may be unsafe. Consider using strcpy_s instead. To disable deprecation, use _CRT_SECURE_NO_WARNINGS. See online help for details.
C:\Users\송용인\Documents\GitHub\Video_Rent\비디오대여\비디오대여\open.c(152,3): warning C4996: 'strcpy': This function or variable may be unsafe. Consider using strcpy_s instead. To disable deprecation, use _CRT_SECURE_NO_WARNINGS. See online help for details.
C:\Users\송용인\Documents\GitHub\Video_Rent\비디오대여\비디오대여\open.c(153,3): warning C4996: 'strcpy': This function or variable may be unsafe. Consider using strcpy_s instead. To disable deprecation, use _CRT_SECURE_NO_WARNINGS. See online help for details.
C:\Users\송용인\Documents\GitHub\Video_Rent\비디오대여\비디오대여\open.c(186,11): warning C4098: 'return_open': 'void' 함수에서 값을 반환하고 있습니다.
C:\Users\송용인\Documents\GitHub\Video_Rent\비디오대여\비디오대여\open.c(181,7): warning C4996: 'fopen': This function or variable may be unsafe. Consider using fopen_s instead. To disable deprecation, use _CRT_SECURE_NO_WARNINGS. See online help for details.
C:\Users\송용인\Documents\GitHub\Video_Rent\비디오대여\비디오대여\open.c(193,12): warning C4996: 'fscanf': This function or variable may be unsafe. Consider using fscanf_s instead. To disable deprecation, use _CRT_SECURE_NO_WARNINGS. See online help for details.
C:\Users\송용인\Documents\GitHub\Video_Rent\비디오대여\비디오대여\open.c(208,3): warning C4996: 'strcpy': This function or variable may be unsafe. Consider using strcpy_s instead. To disable deprecation, use _CRT_SECURE_NO_WARNINGS. See online help for details.
C:\Users\송용인\Documents\GitHub\Video_Rent\비디오대여\비디오대여\open.c(209,3): warning C4996: 'strcpy': This function or variable may be unsafe. Consider using strcpy_s instead. To disable deprecation, use _CRT_SECURE_NO_WARNINGS. See online help for details.
C:\Users\송용인\Documents\GitHub\Video_Rent\비디오대여\비디오대여\open.c(210,3): warning C4996: 'strcpy': This function or variable may be unsafe. Consider using strcpy_s instead. To disable deprecation, use _CRT_SECURE_NO_WARNINGS. See online help for details.
C:\Users\송용인\Documents\GitHub\Video_Rent\비디오대여\비디오대여\open.c(211,3): warning C4996: 'strcpy': This function or variable may be unsafe. Consider using strcpy_s instead. To disable deprecation, use _CRT_SECURE_NO_WARNINGS. See online help for details.
  show.c
C:\Users\송용인\Documents\GitHub\Video_Rent\비디오대여\비디오대여\show.c(15,11): warning C4098: 'user_video_show': 'void' 함수에서 값을 반환하고 있습니다.
C:\Users\송용인\Documents\GitHub\Video_Rent\비디오대여\비디오대여\show.c(37,11): warning C4098: 'all_video_show': 'void' 함수에서 값을 반환하고 있습니다.
C:\Users\송용인\Documents\GitHub\Video_Rent\비디오대여\비디오대여\show.c(57,11): warning C4098: 'user_show': 'void' 함수에서 값을 반환하고 있습니다.
C:\Users\송용인\Documents\GitHub\Video_Rent\비디오대여\비디오대여\show.c(78,11): warning C4098: 'rent_show': 'void' 함수에서 값을 반환하고 있습니다.
C:\Users\송용인\Documents\GitHub\Video_Rent\비디오대여\비디오대여\show.c(104,11): warning C4098: 'delayed_date': 'void' 함수에서 값을 반환하고 있습니다.
C:\Users\송용인\Documents\GitHub\Video_Rent\비디오대여\비디오대여\show.c(112,13): warning C4013: 'strcmp'이(가) 정의되지 않았습니다. extern은 int형을 반환하는 것으로 간주합니다.
C:\Users\송용인\Documents\GitHub\Video_Rent\비디오대여\비디오대여\show.c(108,2): warning C4996: 'scanf': This function or variable may be unsafe. Consider using scanf_s instead. To disable deprecation, use _CRT_SECURE_NO_WARNINGS. See online help for details.
C:\Users\송용인\Documents\GitHub\Video_Rent\비디오대여\비디오대여\show.c(134,11): warning C4098: 'return_show': 'void' 함수에서 값을 반환하고 있습니다.
  store.c
C:\Users\송용인\Documents\GitHub\Video_Rent\비디오대여\비디오대여\store.c(13,7): warning C4996: 'fopen': This function or variable may be unsafe. Consider using fopen_s instead. To disable deprecation, use _CRT_SECURE_NO_WARNINGS. See online help for details.
C:\Users\송용인\Documents\GitHub\Video_Rent\비디오대여\비디오대여\store.c(41,7): warning C4996: 'fopen': This function or variable may be unsafe. Consider using fopen_s instead. To disable deprecation, use _CRT_SECURE_NO_WARNINGS. See online help for details.
C:\Users\송용인\Documents\GitHub\Video_Rent\비디오대여\비디오대여\store.c(68,7): warning C4996: 'fopen': This function or variable may be unsafe. Consider using fopen_s instead. To disable deprecation, use _CRT_SECURE_NO_WARNINGS. See online help for details.
C:\Users\송용인\Documents\GitHub\Video_Rent\비디오대여\비디오대여\store.c(96,7): warning C4996: 'fopen': This function or variable may be unsafe. Consider using fopen_s instead. To disable deprecation, use _CRT_SECURE_NO_WARNINGS. See online help for details.
  update.c
C:\Users\송용인\Documents\GitHub\Video_Rent\비디오대여\비디오대여\update.c(36,11): warning C4098: 'id_update': 'void' 함수에서 값을 반환하고 있습니다.
C:\Users\송용인\Documents\GitHub\Video_Rent\비디오대여\비디오대여\update.c(46,12): warning C4098: 'id_update': 'void' 함수에서 값을 반환하고 있습니다.
C:\Users\송용인\Documents\GitHub\Video_Rent\비디오대여\비디오대여\update.c(24,2): warning C4996: 'scanf': This function or variable may be unsafe. Consider using scanf_s instead. To disable deprecation, use _CRT_SECURE_NO_WARNINGS. See online help for details.
C:\Users\송용인\Documents\GitHub\Video_Rent\비디오대여\비디오대여\update.c(40,2): warning C4996: 'scanf': This function or variable may be unsafe. Consider using scanf_s instead. To disable deprecation, use _CRT_SECURE_NO_WARNINGS. See online help for details.
C:\Users\송용인\Documents\GitHub\Video_Rent\비디오대여\비디오대여\update.c(52,2): warning C4996: 'strcpy': This function or variable may be unsafe. Consider using strcpy_s instead. To disable deprecation, use _CRT_SECURE_NO_WARNINGS. See online help for details.
C:\Users\송용인\Documents\GitHub\Video_Rent\비디오대여\비디오대여\update.c(59,4): warning C4996: 'strcpy': This function or variable may be unsafe. Consider using strcpy_s instead. To disable deprecation, use _CRT_SECURE_NO_WARNINGS. See online help for details.
C:\Users\송용인\Documents\GitHub\Video_Rent\비디오대여\비디오대여\update.c(94,11): warning C4098: 'stock_update': 'void' 함수에서 값을 반환하고 있습니다.
C:\Users\송용인\Documents\GitHub\Video_Rent\비디오대여\비디오대여\update.c(104,11): warning C4098: 'stock_update': 'void' 함수에서 값을 반환하고 있습니다.
C:\Users\송용인\Documents\GitHub\Video_Rent\비디오대여\비디오대여\update.c(82,80): warning C4996: 'scanf': This function or variable may be unsafe. Consider using scanf_s instead. To disable deprecation, use _CRT_SECURE_NO_WARNINGS. See online help for details.
C:\Users\송용인\Documents\GitHub\Video_Rent\비디오대여\비디오대여\update.c(98,2): warning C4996: 'scanf': This function or variable may be unsafe. Consider using scanf_s instead. To disable deprecation, use _CRT_SECURE_NO_WARNINGS. See online help for details.
C:\Users\송용인\Documents\GitHub\Video_Rent\비디오대여\비디오대여\update.c(139,11): warning C4098: 'return_update': 'void' 함수에서 값을 반환하고 있습니다.
C:\Users\송용인\Documents\GitHub\Video_Rent\비디오대여\비디오대여\update.c(156,11): warning C4098: 'return_update': 'void' 함수에서 값을 반환하고 있습니다.
C:\Users\송용인\Documents\GitHub\Video_Rent\비디오대여\비디오대여\update.c(126,2): warning C4996: 'scanf': This function or variable may be unsafe. Consider using scanf_s instead. To disable deprecation, use _CRT_SECURE_NO_WARNINGS. See online help for details.
C:\Users\송용인\Documents\GitHub\Video_Rent\비디오대여\비디오대여\update.c(144,2): warning C4996: 'scanf': This function or variable may be unsafe. Consider using scanf_s instead. To disable deprecation, use _CRT_SECURE_NO_WARNINGS. See online help for details.
C:\Users\송용인\Documents\GitHub\Video_Rent\비디오대여\비디오대여\update.c(160,2): warning C4996: 'scanf': This function or variable may be unsafe. Consider using scanf_s instead. To disable deprecation, use _CRT_SECURE_NO_WARNINGS. See online help for details.
C:\Users\송용인\Documents\GitHub\Video_Rent\비디오대여\비디오대여\update.c(163,2): warning C4996: 'strcpy': This function or variable may be unsafe. Consider using strcpy_s instead. To disable deprecation, use _CRT_SECURE_NO_WARNINGS. See online help for details.
  코드를 생성하고 있습니다...
  비디오대여.vcxproj -> C:\Users\송용인\Documents\GitHub\Video_Rent\비디오대여\x64\Debug\비디오대여.exe
